<?xml version="1.0" encoding="UTF-8"?>
<!-- Generated by org.testng.reporters.JUnitReportReporter -->
<testsuite hostname="ULTP_480" name="sanitySuite.TestCase_1_GoogleSearch" tests="2" failures="0" timestamp="7 Nov 2015 11:57:57 GMT" time="28.892" errors="0">
  <testcase name="open_url" time="28.094" classname="sanitySuite.TestCase_1_GoogleSearch"/>
  <testcase name="click_first_search_option" time="0.798" classname="sanitySuite.TestCase_1_GoogleSearch"/>
</testsuite> <!-- sanitySuite.TestCase_1_GoogleSearch -->
