<?xml version="1.0" encoding="UTF-8"?>
<!-- Generated by org.testng.reporters.JUnitReportReporter -->
<testsuite hostname="ULTP_206" name="sanitySuite.TestCase_1_GoogleSearch" tests="2" failures="0" timestamp="7 Sep 2015 15:17:16 GMT" time="1.770" errors="0">
  <testcase name="click_first_search_option" time="0.001" classname="sanitySuite.TestCase_1_GoogleSearch"/>
  <testcase name="open_url" time="1.769" classname="sanitySuite.TestCase_1_GoogleSearch"/>
</testsuite> <!-- sanitySuite.TestCase_1_GoogleSearch -->
